<?xml version="1.0" encoding="UTF-8"?>
<!-- Generated by org.testng.reporters.JUnitXMLReporter -->
<testsuite hostname="Afsanas-MacBook-Pro.local" ignored="0" name="EdgeBrowser" tests="1" failures="0" timestamp="2022-12-25T11:50:33 EST" time="9.199" errors="0">
  <testcase name="@BeforeMethod setup" time="9.177" classname="TestNGFramework.CrossBrowserTesting">
    <failure type="org.openqa.selenium.WebDriverException" message="unknown error: cannot find msedge binary
Build info: version: &amp;apos;3.141.59&amp;apos;, revision: &amp;apos;e82be7d358&amp;apos;, time: &amp;apos;2018-11-14T08:17:03&amp;apos;
System info: host: &amp;apos;Afsanas-MacBook-Pro.local&amp;apos;, ip: &amp;apos;fe80:0:0:0:85e:b335:1db:b62f%en0&amp;apos;, os.name: &amp;apos;Mac OS X&amp;apos;, os.arch: &amp;apos;x86_64&amp;apos;, os.version: &amp;apos;10.16&amp;apos;, java.version: &amp;apos;1.8.0_202&amp;apos;
Driver info: driver.version: EdgeDriver
remote stacktrace: 0   msedgedriver                        0x000000010b94b878 msedgedriver + 5048440
1   msedgedriver                        0x000000010b8c1623 msedgedriver + 4482595
2   msedgedriver                        0x000000010b4ef837 msedgedriver + 477239
3   msedgedriver                        0x000000010b51dc08 msedgedriver + 666632
4   msedgedriver                        0x000000010b51ab56 msedgedriver + 654166
5   msedgedriver                        0x000000010b5671e0 msedgedriver + 967136
6   msedgedriver                        0x000000010b56650c msedgedriver + 963852
7   msedgedriver                        0x000000010b55d0f3 msedgedriver + 925939
8   msedgedriver                        0x000000010b5276fd msedgedriver + 706301
9   msedgedriver                        0x000000010b528cee msedgedriver + 711918
10  msedgedriver                        0x000000010b91665e msedgedriver + 4830814
11  msedgedriver                        0x000000010b91a689 msedgedriver + 4847241
12  msedgedriver                        0x000000010b91ae0a msedgedriver + 4849162
13  msedgedriver                        0x000000010b92296f msedgedriver + 4880751
14  msedgedriver                        0x000000010b91b4ec msedgedriver + 4850924
15  msedgedriver                        0x000000010b8f0c21 msedgedriver + 4676641
16  msedgedriver                        0x000000010b93d078 msedgedriver + 4989048
17  msedgedriver                        0x000000010b93d197 msedgedriver + 4989335
18  msedgedriver                        0x000000010b953948 msedgedriver + 5081416
19  libsystem_pthread.dylib             0x00007ff8134b64e1 _pthread_start + 125
20  libsystem_pthread.dylib             0x00007ff8134b1f6b thread_start + 15
">
      <![CDATA[org.openqa.selenium.WebDriverException: unknown error: cannot find msedge binary
Build info: version: '3.141.59', revision: 'e82be7d358', time: '2018-11-14T08:17:03'
System info: host: 'Afsanas-MacBook-Pro.local', ip: 'fe80:0:0:0:85e:b335:1db:b62f%en0', os.name: 'Mac OS X', os.arch: 'x86_64', os.version: '10.16', java.version: '1.8.0_202'
Driver info: driver.version: EdgeDriver
remote stacktrace: 0   msedgedriver                        0x000000010b94b878 msedgedriver + 5048440
1   msedgedriver                        0x000000010b8c1623 msedgedriver + 4482595
2   msedgedriver                        0x000000010b4ef837 msedgedriver + 477239
3   msedgedriver                        0x000000010b51dc08 msedgedriver + 666632
4   msedgedriver                        0x000000010b51ab56 msedgedriver + 654166
5   msedgedriver                        0x000000010b5671e0 msedgedriver + 967136
6   msedgedriver                        0x000000010b56650c msedgedriver + 963852
7   msedgedriver                        0x000000010b55d0f3 msedgedriver + 925939
8   msedgedriver                        0x000000010b5276fd msedgedriver + 706301
9   msedgedriver                        0x000000010b528cee msedgedriver + 711918
10  msedgedriver                        0x000000010b91665e msedgedriver + 4830814
11  msedgedriver                        0x000000010b91a689 msedgedriver + 4847241
12  msedgedriver                        0x000000010b91ae0a msedgedriver + 4849162
13  msedgedriver                        0x000000010b92296f msedgedriver + 4880751
14  msedgedriver                        0x000000010b91b4ec msedgedriver + 4850924
15  msedgedriver                        0x000000010b8f0c21 msedgedriver + 4676641
16  msedgedriver                        0x000000010b93d078 msedgedriver + 4989048
17  msedgedriver                        0x000000010b93d197 msedgedriver + 4989335
18  msedgedriver                        0x000000010b953948 msedgedriver + 5081416
19  libsystem_pthread.dylib             0x00007ff8134b64e1 _pthread_start + 125
20  libsystem_pthread.dylib             0x00007ff8134b1f6b thread_start + 15

at org.openqa.selenium.remote.W3CHandshakeResponse.lambda$errorHandler$0(W3CHandshakeResponse.java:62)
at org.openqa.selenium.remote.HandshakeResponse.lambda$getResponseFunction$0(HandshakeResponse.java:30)
at org.openqa.selenium.remote.ProtocolHandshake.lambda$createSession$0(ProtocolHandshake.java:126)
at java.util.stream.ReferencePipeline$3$1.accept(ReferencePipeline.java:193)
at java.util.Spliterators$ArraySpliterator.tryAdvance(Spliterators.java:958)
at java.util.stream.ReferencePipeline.forEachWithCancel(ReferencePipeline.java:126)
at java.util.stream.AbstractPipeline.copyIntoWithCancel(AbstractPipeline.java:498)
at java.util.stream.AbstractPipeline.copyInto(AbstractPipeline.java:485)
at java.util.stream.AbstractPipeline.wrapAndCopyInto(AbstractPipeline.java:471)
at java.util.stream.FindOps$FindOp.evaluateSequential(FindOps.java:152)
at java.util.stream.AbstractPipeline.evaluate(AbstractPipeline.java:234)
at java.util.stream.ReferencePipeline.findFirst(ReferencePipeline.java:464)
at org.openqa.selenium.remote.ProtocolHandshake.createSession(ProtocolHandshake.java:128)
at org.openqa.selenium.remote.ProtocolHandshake.createSession(ProtocolHandshake.java:74)
at org.openqa.selenium.remote.HttpCommandExecutor.execute(HttpCommandExecutor.java:136)
at org.openqa.selenium.remote.service.DriverCommandExecutor.execute(DriverCommandExecutor.java:83)
at org.openqa.selenium.remote.RemoteWebDriver.execute(RemoteWebDriver.java:552)
at org.openqa.selenium.remote.RemoteWebDriver.startSession(RemoteWebDriver.java:213)
at org.openqa.selenium.remote.RemoteWebDriver.<init>(RemoteWebDriver.java:131)
at org.openqa.selenium.edge.EdgeDriver.<init>(EdgeDriver.java:141)
at org.openqa.selenium.edge.EdgeDriver.<init>(EdgeDriver.java:96)
at TestNGFramework.CrossBrowserTesting.setup(CrossBrowserTesting.java:35)
at java.util.ArrayList.forEach(ArrayList.java:1257)
... Removed 35 stack frames]]>
    </failure>
  </testcase> <!-- @BeforeMethod setup -->
  <testcase name="@AfterMethod getTearDown" time="-1.671987033656E9" classname="TestNGFramework.CrossBrowserTesting">
    <skipped/>
  </testcase> <!-- @AfterMethod getTearDown -->
  <testcase name="getTest" time="0.0" classname="TestNGFramework.CrossBrowserTesting">
    <skipped/>
  </testcase> <!-- getTest -->
</testsuite> <!-- EdgeBrowser -->
