[
  {
    "line": 1,
    "elements": [
      {
        "start_timestamp": "2022-12-21T01:16:28.935Z",
        "before": [
          {
            "result": {
              "duration": 6280000000,
              "status": "passed"
            },
            "match": {
              "location": "smart.usa.hook.MyHooks.getSetUp()"
            }
          }
        ],
        "line": 20,
        "name": "Users can login to the application with valid credentials and",
        "description": "\t\t\t\t\t\t\tpurchase the desired men jacket",
        "id": "users-with-valid-credentials-can-purchase-the-men-jacket;users-can-login-to-the-application-with-valid-credentials-and;;2",
        "after": [
          {
            "result": {
              "duration": 1554000000,
              "status": "passed"
            },
            "match": {
              "location": "smart.usa.hook.MyHooks.getTearDown(io.cucumber.java.Scenario)"
            }
          }
        ],
        "type": "scenario",
        "keyword": "Scenario Outline",
        "steps": [
          {
            "result": {
              "duration": 4062000000,
              "status": "passed"
            },
            "line": 10,
            "name": "User is already logged in to the application and verify the user information on the landing page",
            "match": {
              "location": "smart.usa.stepDef.MyStepDef.user_is_already_logged_in_to_the_application_and_verify_the_user_information_on_the_landing_page()"
            },
            "keyword": "Given "
          },
          {
            "result": {
              "duration": 2435000000,
              "status": "passed"
            },
            "line": 11,
            "name": "User should be able to select \"Jupiter All-Weather Trainer\" jacket from the men module",
            "match": {
              "arguments": [
                {
                  "val": "\"Jupiter All-Weather Trainer\"",
                  "offset": 30
                }
              ],
              "location": "smart.usa.stepDef.MyStepDef.user_should_be_able_to_select_jacket_from_the_men_module(java.lang.String)"
            },
            "keyword": "When "
          },
          {
            "result": {
              "duration": 112000000,
              "status": "passed"
            },
            "line": 12,
            "name": "Verify the jacket name on the \"Jupiter All-Weather Trainer\" list",
            "match": {
              "arguments": [
                {
                  "val": "\"Jupiter All-Weather Trainer\"",
                  "offset": 30
                }
              ],
              "location": "smart.usa.stepDef.MyStepDef.verify_the_jacket_name_on_the_list(java.lang.String)"
            },
            "keyword": "And "
          },
          {
            "result": {
              "duration": 705000000,
              "status": "passed"
            },
            "line": 13,
            "name": "User should be able to select the \"M\" and \"Blue\" and \"1\"then click on the add to cart",
            "match": {
              "arguments": [
                {
                  "val": "\"M\"",
                  "offset": 34
                },
                {
                  "val": "\"Blue\"",
                  "offset": 42
                },
                {
                  "val": "1",
                  "offset": 54
                }
              ],
              "location": "smart.usa.stepDef.MyStepDef.user_should_be_able_to_select_the_and_and_then_click_on_the_add_to_cart(java.lang.String,java.lang.String,java.lang.Integer)"
            },
            "keyword": "And "
          },
          {
            "result": {
              "duration": 5240000000,
              "status": "passed"
            },
            "line": 14,
            "name": "User should be able to click on the cart and checkout",
            "match": {
              "location": "smart.usa.stepDef.MyStepDef.user_should_be_able_to_click_on_the_cart_and_checkout()"
            },
            "keyword": "And "
          },
          {
            "result": {
              "error_message": "org.openqa.selenium.TimeoutException: Expected condition failed: waiting for element to be clickable: Proxy element for: DefaultElementLocator \u0027By.xpath: //*[text()\u003d\u0027Place Order\u0027]\u0027 (tried for 20 second(s) with 500 milliseconds interval)\n\tat org.openqa.selenium.support.ui.WebDriverWait.timeoutException(WebDriverWait.java:95)\n\tat org.openqa.selenium.support.ui.FluentWait.until(FluentWait.java:272)\n\tat smart.usa.Utility.WaitHelper.getSeleniumWait(WaitHelper.java:13)\n\tat smart.usa.PageFactory.ElementPage.getNewAddressDetails(ElementPage.java:357)\n\tat smart.usa.stepDef.MyStepDef.user_should_be_able_to_enter_the_shipping_details_and_click_on_the_next(MyStepDef.java:113)\n\tat âœ½.User should be able to enter the shipping details and click on the Next(file:///Applications/CucumberBDD_Framework/./Feature/shopping.feature:15)\nCaused by: org.openqa.selenium.NoSuchElementException: no such element: Unable to locate element: {\"method\":\"xpath\",\"selector\":\"//*[text()\u003d\u0027Place Order\u0027]\"}\n  (Session info: chrome\u003d108.0.5359.124)\nFor documentation on this error, please visit: https://www.seleniumhq.org/exceptions/no_such_element.html\nBuild info: version: \u00273.141.59\u0027, revision: \u0027e82be7d358\u0027, time: \u00272018-11-14T08:17:03\u0027\nSystem info: host: \u0027Afsanas-MacBook-Pro.local\u0027, ip: \u0027fe80:0:0:0:db:5230:e7a7:4737%en0\u0027, os.name: \u0027Mac OS X\u0027, os.arch: \u0027x86_64\u0027, os.version: \u002710.16\u0027, java.version: \u00271.8.0_202\u0027\nDriver info: org.openqa.selenium.chrome.ChromeDriver\nCapabilities {acceptInsecureCerts: false, browserName: chrome, browserVersion: 108.0.5359.124, chrome: {chromedriverVersion: 108.0.5359.71 (1e0e3868ee06..., userDataDir: /var/folders/y6/27w3l68j56n...}, goog:chromeOptions: {debuggerAddress: localhost:50328}, javascriptEnabled: true, networkConnectionEnabled: false, pageLoadStrategy: normal, platform: MAC, platformName: MAC, proxy: Proxy(), setWindowRect: true, strictFileInteractability: false, timeouts: {implicit: 0, pageLoad: 300000, script: 30000}, unhandledPromptBehavior: dismiss and notify, webauthn:extension:credBlob: true, webauthn:extension:largeBlob: true, webauthn:virtualAuthenticators: true}\nSession ID: 87d66aca692064ed4e313396ec6330e3\n*** Element info: {Using\u003dxpath, value\u003d//*[text()\u003d\u0027Place Order\u0027]}\n\tat sun.reflect.NativeConstructorAccessorImpl.newInstance0(Native Method)\n\tat sun.reflect.NativeConstructorAccessorImpl.newInstance(NativeConstructorAccessorImpl.java:62)\n\tat sun.reflect.DelegatingConstructorAccessorImpl.newInstance(DelegatingConstructorAccessorImpl.java:45)\n\tat java.lang.reflect.Constructor.newInstance(Constructor.java:423)\n\tat org.openqa.selenium.remote.http.W3CHttpResponseCodec.createException(W3CHttpResponseCodec.java:187)\n\tat org.openqa.selenium.remote.http.W3CHttpResponseCodec.decode(W3CHttpResponseCodec.java:122)\n\tat org.openqa.selenium.remote.http.W3CHttpResponseCodec.decode(W3CHttpResponseCodec.java:49)\n\tat org.openqa.selenium.remote.HttpCommandExecutor.execute(HttpCommandExecutor.java:158)\n\tat org.openqa.selenium.remote.service.DriverCommandExecutor.execute(DriverCommandExecutor.java:83)\n\tat org.openqa.selenium.remote.RemoteWebDriver.execute(RemoteWebDriver.java:552)\n\tat org.openqa.selenium.remote.RemoteWebDriver.findElement(RemoteWebDriver.java:323)\n\tat org.openqa.selenium.remote.RemoteWebDriver.findElementByXPath(RemoteWebDriver.java:428)\n\tat org.openqa.selenium.By$ByXPath.findElement(By.java:353)\n\tat org.openqa.selenium.remote.RemoteWebDriver.findElement(RemoteWebDriver.java:315)\n\tat org.openqa.selenium.support.pagefactory.DefaultElementLocator.findElement(DefaultElementLocator.java:69)\n\tat org.openqa.selenium.support.pagefactory.internal.LocatingElementHandler.invoke(LocatingElementHandler.java:38)\n\tat com.sun.proxy.$Proxy19.isDisplayed(Unknown Source)\n\tat org.openqa.selenium.support.ui.ExpectedConditions.elementIfVisible(ExpectedConditions.java:314)\n\tat org.openqa.selenium.support.ui.ExpectedConditions.access$000(ExpectedConditions.java:43)\n\tat org.openqa.selenium.support.ui.ExpectedConditions$10.apply(ExpectedConditions.java:300)\n\tat org.openqa.selenium.support.ui.ExpectedConditions$10.apply(ExpectedConditions.java:297)\n\tat org.openqa.selenium.support.ui.ExpectedConditions$23.apply(ExpectedConditions.java:670)\n\tat org.openqa.selenium.support.ui.ExpectedConditions$23.apply(ExpectedConditions.java:666)\n\tat org.openqa.selenium.support.ui.FluentWait.until(FluentWait.java:249)\n\tat smart.usa.Utility.WaitHelper.getSeleniumWait(WaitHelper.java:13)\n\tat smart.usa.PageFactory.ElementPage.getNewAddressDetails(ElementPage.java:357)\n\tat smart.usa.stepDef.MyStepDef.user_should_be_able_to_enter_the_shipping_details_and_click_on_the_next(MyStepDef.java:113)\n\tat sun.reflect.NativeMethodAccessorImpl.invoke0(Native Method)\n\tat sun.reflect.NativeMethodAccessorImpl.invoke(NativeMethodAccessorImpl.java:62)\n\tat sun.reflect.DelegatingMethodAccessorImpl.invoke(DelegatingMethodAccessorImpl.java:43)\n\tat java.lang.reflect.Method.invoke(Method.java:498)\n\tat io.cucumber.java.Invoker.doInvoke(Invoker.java:66)\n\tat io.cucumber.java.Invoker.invoke(Invoker.java:24)\n\tat io.cucumber.java.AbstractGlueDefinition.invokeMethod(AbstractGlueDefinition.java:47)\n\tat io.cucumber.java.JavaStepDefinition.execute(JavaStepDefinition.java:29)\n\tat io.cucumber.core.runner.CoreStepDefinition.execute(CoreStepDefinition.java:66)\n\tat io.cucumber.core.runner.PickleStepDefinitionMatch.runStep(PickleStepDefinitionMatch.java:63)\n\tat io.cucumber.core.runner.ExecutionMode$1.execute(ExecutionMode.java:10)\n\tat io.cucumber.core.runner.TestStep.executeStep(TestStep.java:92)\n\tat io.cucumber.core.runner.TestStep.run(TestStep.java:64)\n\tat io.cucumber.core.runner.PickleStepTestStep.run(PickleStepTestStep.java:51)\n\tat io.cucumber.core.runner.TestCase.run(TestCase.java:104)\n\tat io.cucumber.core.runner.Runner.runPickle(Runner.java:73)\n\tat io.cucumber.testng.TestNGCucumberRunner.lambda$runScenario$0(TestNGCucumberRunner.java:117)\n\tat io.cucumber.core.runtime.CucumberExecutionContext.runTestCase(CucumberExecutionContext.java:117)\n\tat io.cucumber.testng.TestNGCucumberRunner.runScenario(TestNGCucumberRunner.java:114)\n\tat io.cucumber.testng.AbstractTestNGCucumberTests.runScenario(AbstractTestNGCucumberTests.java:31)\n\tat sun.reflect.NativeMethodAccessorImpl.invoke0(Native Method)\n\tat sun.reflect.NativeMethodAccessorImpl.invoke(NativeMethodAccessorImpl.java:62)\n\tat sun.reflect.DelegatingMethodAccessorImpl.invoke(DelegatingMethodAccessorImpl.java:43)\n\tat java.lang.reflect.Method.invoke(Method.java:498)\n\tat org.testng.internal.MethodInvocationHelper.invokeMethod(MethodInvocationHelper.java:124)\n\tat org.testng.internal.Invoker.invokeMethod(Invoker.java:583)\n\tat org.testng.internal.Invoker.invokeTestMethod(Invoker.java:719)\n\tat org.testng.internal.Invoker.invokeTestMethods(Invoker.java:989)\n\tat org.testng.internal.TestMethodWorker.invokeTestMethods(TestMethodWorker.java:125)\n\tat org.testng.internal.TestMethodWorker.run(TestMethodWorker.java:109)\n\tat org.testng.TestRunner.privateRun(TestRunner.java:648)\n\tat org.testng.TestRunner.run(TestRunner.java:505)\n\tat org.testng.SuiteRunner.runTest(SuiteRunner.java:455)\n\tat org.testng.SuiteRunner.runSequentially(SuiteRunner.java:450)\n\tat org.testng.SuiteRunner.privateRun(SuiteRunner.java:415)\n\tat org.testng.SuiteRunner.run(SuiteRunner.java:364)\n\tat org.testng.SuiteRunnerWorker.runSuite(SuiteRunnerWorker.java:52)\n\tat org.testng.SuiteRunnerWorker.run(SuiteRunnerWorker.java:84)\n\tat org.testng.TestNG.runSuitesSequentially(TestNG.java:1208)\n\tat org.testng.TestNG.runSuitesLocally(TestNG.java:1137)\n\tat org.testng.TestNG.runSuites(TestNG.java:1049)\n\tat org.testng.TestNG.run(TestNG.java:1017)\n\tat org.apache.maven.surefire.testng.TestNGExecutor.run(TestNGExecutor.java:284)\n\tat org.apache.maven.surefire.testng.TestNGXmlTestSuite.execute(TestNGXmlTestSuite.java:75)\n\tat org.apache.maven.surefire.testng.TestNGProvider.invoke(TestNGProvider.java:119)\n\tat org.apache.maven.surefire.booter.ForkedBooter.runSuitesInProcess(ForkedBooter.java:428)\n\tat org.apache.maven.surefire.booter.ForkedBooter.execute(ForkedBooter.java:162)\n\tat org.apache.maven.surefire.booter.ForkedBooter.run(ForkedBooter.java:562)\n\tat org.apache.maven.surefire.booter.ForkedBooter.main(ForkedBooter.java:548)\n",
              "duration": 35810000000,
              "status": "failed"
            },
            "line": 15,
            "name": "User should be able to enter the shipping details and click on the Next",
            "match": {
              "location": "smart.usa.stepDef.MyStepDef.user_should_be_able_to_enter_the_shipping_details_and_click_on_the_next()"
            },
            "keyword": "And "
          },
          {
            "result": {
              "status": "skipped"
            },
            "line": 16,
            "name": "User should be able to verify the shipping address and place the order",
            "match": {
              "location": "smart.usa.stepDef.MyStepDef.user_should_be_able_to_verify_the_shipping_address_and_place_the_order()"
            },
            "keyword": "And "
          },
          {
            "result": {
              "status": "skipped"
            },
            "line": 17,
            "name": "User should be able to verify the order number and get text on the screen \"Thank you for your purchase!\"",
            "match": {
              "arguments": [
                {
                  "val": "\"Thank you for your purchase!\"",
                  "offset": 74
                }
              ],
              "location": "smart.usa.stepDef.MyStepDef.user_should_be_able_to_verify_the_order_number_and_get_text_on_the_screen(java.lang.String)"
            },
            "keyword": "Then "
          }
        ],
        "tags": [
          {
            "name": "@Sanity"
          }
        ]
      }
    ],
    "name": "Users with valid credentials can purchase the men jacket",
    "description": "Description: \"Online user can register luma E-commerce web-site to purchase\"\n\t            \"return, deliver, exchange, clearance, sale, etc.\"",
    "id": "users-with-valid-credentials-can-purchase-the-men-jacket",
    "keyword": "Feature",
    "uri": "file:Feature/shopping.feature",
    "tags": []
  }
]